<?xml version="1.0" encoding="UTF-8"?>
<!-- Generated by org.testng.reporters.JUnitXMLReporter -->
<testsuite hostname="PU2LT0017" ignored="2" name="Test" tests="2" failures="1" timestamp="2020-09-02T00:06:37 SGT" time="36.863" errors="0">
  <testcase name="Test" time="23.186" classname="com.SeleniumTests.Reports"/>
  <testcase name="Test1" time="13.562" classname="com.SeleniumTests.Reports1">
    <failure type="java.lang.AssertionError" message="expected [] but found [HTML ELEMENTS]">
      <![CDATA[java.lang.AssertionError: expected [] but found [HTML ELEMENTS]
at com.SeleniumTests.Reports1.Test1(Reports1.java:36)
at java.util.ArrayList.forEach(Unknown Source)
... Removed 33 stack frames]]>
    </failure>
  </testcase> <!-- Test1 -->
  <testcase name="@AfterSuite tearDown" time="0.0" classname="com.SeleniumTests.ExtentReportTestBase">
    <ignored/>
  </testcase> <!-- @AfterSuite tearDown -->
  <testcase name="@BeforeSuite setup" time="0.0" classname="com.SeleniumTests.ExtentReportTestBase">
    <ignored/>
  </testcase> <!-- @BeforeSuite setup -->
</testsuite> <!-- Test -->
