<?xml version="1.0" encoding="UTF-8"?>
<testng-results skipped="0" failed="1" ignored="2" total="4" passed="1">
  <reporter-output>
  </reporter-output>
  <suite name="Suite" duration-ms="36863" started-at="2020-09-02T00:06:00 SGT" finished-at="2020-09-02T00:06:37 SGT">
    <groups>
    </groups>
    <test name="Test" duration-ms="36863" started-at="2020-09-02T00:06:00 SGT" finished-at="2020-09-02T00:06:37 SGT">
      <class name="com.SeleniumTests.Reports1">
        <test-method status="FAIL" signature="Test1()[pri:0, instance:com.SeleniumTests.Reports1@614ddd49]" name="Test1" duration-ms="13562" started-at="2020-09-02T00:06:23 SGT" finished-at="2020-09-02T00:06:37 SGT">
          <exception class="java.lang.AssertionError">
            <message>
              <![CDATA[expected [] but found [HTML ELEMENTS]]]>
            </message>
            <full-stacktrace>
              <![CDATA[java.lang.AssertionError: expected [] but found [HTML ELEMENTS]
at org.testng.Assert.fail(Assert.java:97)
at org.testng.Assert.assertEqualsImpl(Assert.java:136)
at org.testng.Assert.assertEquals(Assert.java:118)
at org.testng.Assert.assertEquals(Assert.java:575)
at org.testng.Assert.assertEquals(Assert.java:585)
at com.SeleniumTests.Reports1.Test1(Reports1.java:36)
at sun.reflect.NativeMethodAccessorImpl.invoke0(Native Method)
at sun.reflect.NativeMethodAccessorImpl.invoke(Unknown Source)
at sun.reflect.DelegatingMethodAccessorImpl.invoke(Unknown Source)
at java.lang.reflect.Method.invoke(Unknown Source)
at org.testng.internal.MethodInvocationHelper.invokeMethod(MethodInvocationHelper.java:135)
at org.testng.internal.TestInvoker.invokeMethod(TestInvoker.java:598)
at org.testng.internal.TestInvoker.invokeTestMethod(TestInvoker.java:174)
at org.testng.internal.MethodRunner.runInSequence(MethodRunner.java:46)
at org.testng.internal.TestInvoker$MethodInvocationAgent.invoke(TestInvoker.java:821)
at org.testng.internal.TestInvoker.invokeTestMethods(TestInvoker.java:147)
at org.testng.internal.TestMethodWorker.invokeTestMethods(TestMethodWorker.java:146)
at org.testng.internal.TestMethodWorker.run(TestMethodWorker.java:128)
at org.testng.TestRunner$$Lambda$59/1477657879.accept(Unknown Source)
at java.util.ArrayList.forEach(Unknown Source)
at org.testng.TestRunner.privateRun(TestRunner.java:767)
at org.testng.TestRunner.run(TestRunner.java:588)
at org.testng.SuiteRunner.runTest(SuiteRunner.java:384)
at org.testng.SuiteRunner.runSequentially(SuiteRunner.java:378)
at org.testng.SuiteRunner.privateRun(SuiteRunner.java:337)
at org.testng.SuiteRunner.run(SuiteRunner.java:286)
at org.testng.SuiteRunnerWorker.runSuite(SuiteRunnerWorker.java:53)
at org.testng.SuiteRunnerWorker.run(SuiteRunnerWorker.java:96)
at org.testng.TestNG.runSuitesSequentially(TestNG.java:1214)
at org.testng.TestNG.runSuitesLocally(TestNG.java:1136)
at org.testng.TestNG.runSuites(TestNG.java:1066)
at org.testng.TestNG.run(TestNG.java:1034)
at org.testng.remote.AbstractRemoteTestNG.run(AbstractRemoteTestNG.java:115)
at org.testng.remote.RemoteTestNG.initAndRun(RemoteTestNG.java:251)
at org.testng.remote.RemoteTestNG.main(RemoteTestNG.java:77)
]]>
            </full-stacktrace>
          </exception> <!-- java.lang.AssertionError -->
          <reporter-output>
          </reporter-output>
        </test-method> <!-- Test1 -->
        <test-method status="PASS" signature="getResult(org.testng.ITestResult)[pri:0, instance:com.SeleniumTests.Reports1@614ddd49]" name="getResult" is-config="true" duration-ms="10" started-at="2020-09-02T00:06:37 SGT" finished-at="2020-09-02T00:06:37 SGT">
          <params>
            <param index="0">
              <value>
                <![CDATA[[TestResult name=Test1 status=FAILURE method=Reports1.Test1()[pri:0, instance:com.SeleniumTests.Reports1@614ddd49] output={null}]]]>
              </value>
            </param>
          </params>
          <reporter-output>
          </reporter-output>
        </test-method> <!-- getResult -->
      </class> <!-- com.SeleniumTests.Reports1 -->
      <class name="com.SeleniumTests.Reports">
        <test-method status="PASS" signature="setup()[pri:0, instance:com.SeleniumTests.Reports@76707e36]" name="setup" is-config="true" duration-ms="183" started-at="2020-09-02T00:06:00 SGT" finished-at="2020-09-02T00:06:00 SGT">
          <reporter-output>
          </reporter-output>
        </test-method> <!-- setup -->
        <test-method status="PASS" signature="Test()[pri:0, instance:com.SeleniumTests.Reports@76707e36]" name="Test" duration-ms="23186" started-at="2020-09-02T00:06:00 SGT" finished-at="2020-09-02T00:06:23 SGT">
          <reporter-output>
          </reporter-output>
        </test-method> <!-- Test -->
        <test-method status="PASS" signature="getResult(org.testng.ITestResult)[pri:0, instance:com.SeleniumTests.Reports@76707e36]" name="getResult" is-config="true" duration-ms="33" started-at="2020-09-02T00:06:23 SGT" finished-at="2020-09-02T00:06:23 SGT">
          <params>
            <param index="0">
              <value>
                <![CDATA[[TestResult name=Test status=SUCCESS method=Reports.Test()[pri:0, instance:com.SeleniumTests.Reports@76707e36] output={null}]]]>
              </value>
            </param>
          </params>
          <reporter-output>
          </reporter-output>
        </test-method> <!-- getResult -->
        <test-method status="PASS" signature="tearDown()[pri:0, instance:com.SeleniumTests.Reports@76707e36]" name="tearDown" is-config="true" duration-ms="688" started-at="2020-09-02T00:06:37 SGT" finished-at="2020-09-02T00:06:38 SGT">
          <reporter-output>
          </reporter-output>
        </test-method> <!-- tearDown -->
      </class> <!-- com.SeleniumTests.Reports -->
    </test> <!-- Test -->
  </suite> <!-- Suite -->
</testng-results>
